{"C:\\Users\\HP\\Desktop\\jest-configaretion\\src\\sum.js": {"path":"C:\\Users\\HP\\Desktop\\jest-configaretion\\src\\sum.js","statementMap":{"0":{"start":{"line":2,"column":4},"end":{"line":2,"column":15}}},"fnMap":{"0":{"name":"add","decl":{"start":{"line":1,"column":24},"end":{"line":1,"column":27}},"loc":{"start":{"line":1,"column":34},"end":{"line":3,"column":1}},"line":1}},"branchMap":{},"s":{"0":1},"f":{"0":1},"b":{},"_coverageSchema":"1a1c01bbd47fc00a2c39e90264f33305004495a9","hash":"7b1fddca51f901477c073a2af52f6fc7e63bd454"}
}
